<?xml version="1.0" encoding="UTF-8"?>
<testng-results ignored="0" total="4" passed="4" failed="0" skipped="0">
  <reporter-output>
  </reporter-output>
  <suite started-at="2023-09-01T15:26:02 ICT" name="Default suite" finished-at="2023-09-01T15:26:03 ICT" duration-ms="1199">
    <groups>
    </groups>
    <test started-at="2023-09-01T15:26:02 ICT" name="Default test" finished-at="2023-09-01T15:26:03 ICT" duration-ms="1199">
      <class name="com.api.auto.testcase.TC_API_Login">
        <test-method is-config="true" signature="init()[pri:0, instance:com.api.auto.testcase.TC_API_Login@481a996b]" started-at="2023-09-01T15:26:02 ICT" name="init" finished-at="2023-09-01T15:26:03 ICT" duration-ms="930" status="PASS">
          <reporter-output>
          </reporter-output>
        </test-method> <!-- init -->
        <test-method signature="TC02_ValidateMessage()[pri:1, instance:com.api.auto.testcase.TC_API_Login@481a996b]" started-at="2023-09-01T15:26:03 ICT" name="TC02_ValidateMessage" finished-at="2023-09-01T15:26:03 ICT" duration-ms="221" status="PASS">
          <reporter-output>
          </reporter-output>
        </test-method> <!-- TC02_ValidateMessage -->
        <test-method signature="TC03_ValidateToken()[pri:2, instance:com.api.auto.testcase.TC_API_Login@481a996b]" started-at="2023-09-01T15:26:03 ICT" name="TC03_ValidateToken" finished-at="2023-09-01T15:26:03 ICT" duration-ms="12" status="PASS">
          <reporter-output>
          </reporter-output>
        </test-method> <!-- TC03_ValidateToken -->
        <test-method signature="TC05_ValidateUserType()[pri:3, instance:com.api.auto.testcase.TC_API_Login@481a996b]" started-at="2023-09-01T15:26:03 ICT" name="TC05_ValidateUserType" finished-at="2023-09-01T15:26:03 ICT" duration-ms="6" status="PASS">
          <reporter-output>
          </reporter-output>
        </test-method> <!-- TC05_ValidateUserType -->
        <test-method signature="TC06_ValidateAccount()[pri:4, instance:com.api.auto.testcase.TC_API_Login@481a996b]" started-at="2023-09-01T15:26:03 ICT" name="TC06_ValidateAccount" finished-at="2023-09-01T15:26:03 ICT" duration-ms="10" status="PASS">
          <reporter-output>
          </reporter-output>
        </test-method> <!-- TC06_ValidateAccount -->
      </class> <!-- com.api.auto.testcase.TC_API_Login -->
    </test> <!-- Default test -->
  </suite> <!-- Default suite -->
</testng-results>
